<?xml version="1.0" encoding="UTF-8"?>
<testng-results ignored="0" total="1" passed="1" failed="0" skipped="0">
  <reporter-output>
  </reporter-output>
  <suite started-at="2023-12-27T12:30:46 IST" name="Default suite" finished-at="2023-12-27T12:31:09 IST" duration-ms="23731">
    <groups>
    </groups>
    <test started-at="2023-12-27T12:30:46 IST" name="Default test" finished-at="2023-12-27T12:31:09 IST" duration-ms="23731">
      <class name="selenium_jenkins_exercise2.LoginLogout">
        <test-method is-config="true" signature="setup()[pri:0, instance:selenium_jenkins_exercise2.LoginLogout@3ee37e5a]" started-at="2023-12-27T12:30:46 IST" name="setup" finished-at="2023-12-27T12:30:52 IST" duration-ms="6356" status="PASS">
          <reporter-output>
          </reporter-output>
        </test-method> <!-- setup -->
        <test-method signature="verifyLogin()[pri:0, instance:selenium_jenkins_exercise2.LoginLogout@3ee37e5a]" started-at="2023-12-27T12:30:52 IST" name="verifyLogin" finished-at="2023-12-27T12:31:04 IST" duration-ms="12136" status="PASS">
          <reporter-output>
          </reporter-output>
        </test-method> <!-- verifyLogin -->
        <test-method is-config="true" signature="teardown()[pri:0, instance:selenium_jenkins_exercise2.LoginLogout@3ee37e5a]" started-at="2023-12-27T12:31:04 IST" name="teardown" finished-at="2023-12-27T12:31:09 IST" duration-ms="5205" status="PASS">
          <reporter-output>
          </reporter-output>
        </test-method> <!-- teardown -->
      </class> <!-- selenium_jenkins_exercise2.LoginLogout -->
    </test> <!-- Default test -->
  </suite> <!-- Default suite -->
</testng-results>
